#
# There is insufficient memory for the Java Runtime Environment to continue.
# Native memory allocation (malloc) failed to allocate 60912 bytes for Chunk::new
# Possible reasons:
#   The system is out of physical RAM or swap space
#   The process is running with CompressedOops enabled, and the Java Heap may be blocking the growth of the native heap
# Possible solutions:
#   Reduce memory load on the system
#   Increase physical memory or swap space
#   Check if swap backing store is full
#   Decrease Java heap size (-Xmx/-Xms)
#   Decrease number of Java threads
#   Decrease Java thread stack sizes (-Xss)
#   Set larger code cache with -XX:ReservedCodeCacheSize=
#   JVM is running with Unscaled Compressed Oops mode in which the Java heap is
#     placed in the first 4GB address space. The Java Heap base address is the
#     maximum limit for the native heap growth. Please use -XX:HeapBaseMinAddress
#     to set the Java Heap base and to place the Java Heap above 4GB virtual address.
# This output file may be truncated or incomplete.
#
#  Out of Memory Error (arena.cpp:189), pid=25684, tid=25188
#
# JRE version: OpenJDK Runtime Environment JBR-17.0.6+1-653.34-jcef (17.0.6+1) (build 17.0.6+1-b653.34)
# Java VM: OpenJDK 64-Bit Server VM JBR-17.0.6+1-653.34-jcef (17.0.6+1-b653.34, mixed mode, tiered, compressed oops, compressed class ptrs, g1 gc, windows-amd64)
# No core dump will be written. Minidumps are not enabled by default on client versions of Windows
#

---------------  S U M M A R Y ------------

Command Line: git4idea.http.GitAskPassApp Username for 'https://github.com': 

Host: AMD Ryzen 5 3500U with Radeon Vega Mobile Gfx  , 8 cores, 6G,  Windows 11 , 64 bit Build 22621 (10.0.22621.3672)
Time: Sun Jul  7 11:39:40 2024 RTZ 4 (s 11 , 64 bit Build 22621 (10.0.22621.3672) elapsed time: 1.223827 seconds (0d 0h 0m 1s)

---------------  T H R E A D  ---------------

Current thread (0x000001fd35409de0):  JavaThread "C2 CompilerThread0" daemon [_thread_in_native, id=25188, stack(0x0000000edfb00000,0x0000000edfc00000)]


Current CompileTask:
C2:   1223   86 %     4       java.util.zip.ZipCoder$UTF8ZipCoder::checkedHash @ 14 (91 bytes)

Stack: [0x0000000edfb00000,0x0000000edfc00000]
Native frames: (J=compiled Java code, j=interpreted, Vv=VM code, C=native code)
V  [jvm.dll+0x683b4a]
V  [jvm.dll+0x842654]
V  [jvm.dll+0x843dfe]
V  [jvm.dll+0x844463]
V  [jvm.dll+0x249b75]
V  [jvm.dll+0xabcac]
V  [jvm.dll+0xac27c]
V  [jvm.dll+0x368857]
V  [jvm.dll+0x332f31]
V  [jvm.dll+0x3323da]
V  [jvm.dll+0x21c201]
V  [jvm.dll+0x21b621]
V  [jvm.dll+0x1a4fdd]
V  [jvm.dll+0x22b098]
V  [jvm.dll+0x229159]
V  [jvm.dll+0x7f809c]
V  [jvm.dll+0x7f25fa]
V  [jvm.dll+0x682985]
C  [ucrtbase.dll+0x29333]
C  [KERNEL32.DLL+0x1257d]
C  [ntdll.dll+0x5af28]


---------------  P R O C E S S  ---------------

Threads class SMR info:
_java_thread_list=0x000001fd3557d530, length=12, elements={
0x000001fd1b191440, 0x000001fd34896250, 0x000001fd348980d0, 0x000001fd348816e0,
0x000001fd35408070, 0x000001fd35408930, 0x000001fd354091f0, 0x000001fd35409de0,
0x000001fd3540a6e0, 0x000001fd3540d7d0, 0x000001fd355a0340, 0x000001fd355a2820
}

Java Threads: ( => current thread )
  0x000001fd1b191440 JavaThread "main" [_thread_in_vm, id=19772, stack(0x0000000edee00000,0x0000000edef00000)]
  0x000001fd34896250 JavaThread "Reference Handler" daemon [_thread_blocked, id=14096, stack(0x0000000edf500000,0x0000000edf600000)]
  0x000001fd348980d0 JavaThread "Finalizer" daemon [_thread_blocked, id=23496, stack(0x0000000edf600000,0x0000000edf700000)]
  0x000001fd348816e0 JavaThread "Signal Dispatcher" daemon [_thread_blocked, id=3928, stack(0x0000000edf700000,0x0000000edf800000)]
  0x000001fd35408070 JavaThread "Attach Listener" daemon [_thread_blocked, id=9292, stack(0x0000000edf800000,0x0000000edf900000)]
  0x000001fd35408930 JavaThread "Service Thread" daemon [_thread_blocked, id=21996, stack(0x0000000edf900000,0x0000000edfa00000)]
  0x000001fd354091f0 JavaThread "Monitor Deflation Thread" daemon [_thread_blocked, id=29016, stack(0x0000000edfa00000,0x0000000edfb00000)]
=>0x000001fd35409de0 JavaThread "C2 CompilerThread0" daemon [_thread_in_native, id=25188, stack(0x0000000edfb00000,0x0000000edfc00000)]
  0x000001fd3540a6e0 JavaThread "C1 CompilerThread0" daemon [_thread_blocked, id=22008, stack(0x0000000edfc00000,0x0000000edfd00000)]
  0x000001fd3540d7d0 JavaThread "Sweeper thread" daemon [_thread_blocked, id=22076, stack(0x0000000edfd00000,0x0000000edfe00000)]
  0x000001fd355a0340 JavaThread "Notification Thread" daemon [_thread_blocked, id=23716, stack(0x0000000edfe00000,0x0000000edff00000)]
  0x000001fd355a2820 JavaThread "Common-Cleaner" daemon [_thread_blocked, id=29652, stack(0x0000000ee0000000,0x0000000ee0100000)]

Other Threads:
  0x000001fd34874a30 VMThread "VM Thread" [stack: 0x0000000edf400000,0x0000000edf500000] [id=23880]
  0x000001fd3489c940 WatcherThread [stack: 0x0000000edff00000,0x0000000ee0000000] [id=20356]
  0x000001fd1b1e3ab0 GCTaskThread "GC Thread#0" [stack: 0x0000000edef00000,0x0000000edf000000] [id=21260]
  0x000001fd1b1f27f0 ConcurrentGCThread "G1 Main Marker" [stack: 0x0000000edf000000,0x0000000edf100000] [id=4820]
  0x000001fd1b1f3200 ConcurrentGCThread "G1 Conc#0" [stack: 0x0000000edf100000,0x0000000edf200000] [id=19500]
  0x000001fd346d20b0 ConcurrentGCThread "G1 Refine#0" [stack: 0x0000000edf200000,0x0000000edf300000] [id=12284]
  0x000001fd346d2ad0 ConcurrentGCThread "G1 Service" [stack: 0x0000000edf300000,0x0000000edf400000] [id=26344]

Threads with active compile tasks:
C2 CompilerThread0     1268   86 %     4       java.util.zip.ZipCoder$UTF8ZipCoder::checkedHash @ 14 (91 bytes)

VM state: not at safepoint (normal execution)

VM Mutex/Monitor currently owned by a thread:  ([mutex/lock_event])
[0x000001fd1b188c20] Metaspace_lock - owner thread: 0x000001fd1b191440

Heap address: 0x0000000091000000, size: 1776 MB, Compressed Oops mode: 32-bit

CDS archive(s) not mapped
Compressed class space mapped at: 0x0000000100000000-0x0000000140000000, reserved size: 1073741824
Narrow klass base: 0x0000000000000000, Narrow klass shift: 3, Narrow klass range: 0x140000000

GC Precious Log:
 CPUs: 8 total, 8 available
 Memory: 7103M
 Large Page Support: Disabled
 NUMA Support: Disabled
 Compressed Oops: Enabled (32-bit)
 Heap Region Size: 1M
 Heap Min Capacity: 8M
 Heap Initial Capacity: 112M
 Heap Max Capacity: 1776M
 Pre-touch: Disabled
 Parallel Workers: 8
 Concurrent Workers: 2
 Concurrent Refinement Workers: 8
 Periodic GC: Disabled

Heap:
 garbage-first heap   total 114688K, used 15360K [0x0000000091000000, 0x0000000100000000)
  region size 1024K, 2 young (2048K), 0 survivors (0K)
 Metaspace       used 4836K, committed 4992K, reserved 1056768K
  class space    used 414K, committed 512K, reserved 1048576K

Heap Regions: E=young(eden), S=young(survivor), O=old, HS=humongous(starts), HC=humongous(continues), CS=collection set, F=free, OA=open archive, CA=closed archive, TAMS=top-at-mark-start (previous, next)
|   0|0x0000000091000000, 0x0000000091100000, 0x0000000091100000|100%|HS|  |TAMS 0x0000000091000000, 0x0000000091000000| Complete 
|   1|0x0000000091100000, 0x0000000091200000, 0x0000000091200000|100%|HC|  |TAMS 0x0000000091100000, 0x0000000091100000| Complete 
|   2|0x0000000091200000, 0x0000000091300000, 0x0000000091300000|100%|HC|  |TAMS 0x0000000091200000, 0x0000000091200000| Complete 
|   3|0x0000000091300000, 0x0000000091400000, 0x0000000091400000|100%|HC|  |TAMS 0x0000000091300000, 0x0000000091300000| Complete 
|   4|0x0000000091400000, 0x0000000091500000, 0x0000000091500000|100%|HC|  |TAMS 0x0000000091400000, 0x0000000091400000| Complete 
|   5|0x0000000091500000, 0x0000000091600000, 0x0000000091600000|100%|HC|  |TAMS 0x0000000091500000, 0x0000000091500000| Complete 
|   6|0x0000000091600000, 0x0000000091700000, 0x0000000091700000|100%|HC|  |TAMS 0x0000000091600000, 0x0000000091600000| Complete 
|   7|0x0000000091700000, 0x0000000091800000, 0x0000000091800000|100%|HC|  |TAMS 0x0000000091700000, 0x0000000091700000| Complete 
|   8|0x0000000091800000, 0x0000000091900000, 0x0000000091900000|100%|HC|  |TAMS 0x0000000091800000, 0x0000000091800000| Complete 
|   9|0x0000000091900000, 0x0000000091a00000, 0x0000000091a00000|100%|HC|  |TAMS 0x0000000091900000, 0x0000000091900000| Complete 
|  10|0x0000000091a00000, 0x0000000091b00000, 0x0000000091b00000|100%|HC|  |TAMS 0x0000000091a00000, 0x0000000091a00000| Complete 
|  11|0x0000000091b00000, 0x0000000091c00000, 0x0000000091c00000|100%|HC|  |TAMS 0x0000000091b00000, 0x0000000091b00000| Complete 
|  12|0x0000000091c00000, 0x0000000091d00000, 0x0000000091d00000|100%|HS|  |TAMS 0x0000000091c00000, 0x0000000091c00000| Complete 
|  13|0x0000000091d00000, 0x0000000091e00000, 0x0000000091e00000|100%|HC|  |TAMS 0x0000000091d00000, 0x0000000091d00000| Complete 
|  14|0x0000000091e00000, 0x0000000091e00000, 0x0000000091f00000|  0%| F|  |TAMS 0x0000000091e00000, 0x0000000091e00000| Untracked 
|  15|0x0000000091f00000, 0x0000000091f00000, 0x0000000092000000|  0%| F|  |TAMS 0x0000000091f00000, 0x0000000091f00000| Untracked 
|  16|0x0000000092000000, 0x0000000092000000, 0x0000000092100000|  0%| F|  |TAMS 0x0000000092000000, 0x0000000092000000| Untracked 
|  17|0x0000000092100000, 0x0000000092100000, 0x0000000092200000|  0%| F|  |TAMS 0x0000000092100000, 0x0000000092100000| Untracked 
|  18|0x0000000092200000, 0x0000000092200000, 0x0000000092300000|  0%| F|  |TAMS 0x0000000092200000, 0x0000000092200000| Untracked 
|  19|0x0000000092300000, 0x0000000092300000, 0x0000000092400000|  0%| F|  |TAMS 0x0000000092300000, 0x0000000092300000| Untracked 
|  20|0x0000000092400000, 0x0000000092400000, 0x0000000092500000|  0%| F|  |TAMS 0x0000000092400000, 0x0000000092400000| Untracked 
|  21|0x0000000092500000, 0x0000000092500000, 0x0000000092600000|  0%| F|  |TAMS 0x0000000092500000, 0x0000000092500000| Untracked 
|  22|0x0000000092600000, 0x0000000092600000, 0x0000000092700000|  0%| F|  |TAMS 0x0000000092600000, 0x0000000092600000| Untracked 
|  23|0x0000000092700000, 0x0000000092700000, 0x0000000092800000|  0%| F|  |TAMS 0x0000000092700000, 0x0000000092700000| Untracked 
|  24|0x0000000092800000, 0x0000000092800000, 0x0000000092900000|  0%| F|  |TAMS 0x0000000092800000, 0x0000000092800000| Untracked 
|  25|0x0000000092900000, 0x0000000092900000, 0x0000000092a00000|  0%| F|  |TAMS 0x0000000092900000, 0x0000000092900000| Untracked 
|  26|0x0000000092a00000, 0x0000000092a00000, 0x0000000092b00000|  0%| F|  |TAMS 0x0000000092a00000, 0x0000000092a00000| Untracked 
|  27|0x0000000092b00000, 0x0000000092b00000, 0x0000000092c00000|  0%| F|  |TAMS 0x0000000092b00000, 0x0000000092b00000| Untracked 
|  28|0x0000000092c00000, 0x0000000092c00000, 0x0000000092d00000|  0%| F|  |TAMS 0x0000000092c00000, 0x0000000092c00000| Untracked 
|  29|0x0000000092d00000, 0x0000000092d00000, 0x0000000092e00000|  0%| F|  |TAMS 0x0000000092d00000, 0x0000000092d00000| Untracked 
|  30|0x0000000092e00000, 0x0000000092e00000, 0x0000000092f00000|  0%| F|  |TAMS 0x0000000092e00000, 0x0000000092e00000| Untracked 
|  31|0x0000000092f00000, 0x0000000092f00000, 0x0000000093000000|  0%| F|  |TAMS 0x0000000092f00000, 0x0000000092f00000| Untracked 
|  32|0x0000000093000000, 0x0000000093000000, 0x0000000093100000|  0%| F|  |TAMS 0x0000000093000000, 0x0000000093000000| Untracked 
|  33|0x0000000093100000, 0x0000000093100000, 0x0000000093200000|  0%| F|  |TAMS 0x0000000093100000, 0x0000000093100000| Untracked 
|  34|0x0000000093200000, 0x0000000093200000, 0x0000000093300000|  0%| F|  |TAMS 0x0000000093200000, 0x0000000093200000| Untracked 
|  35|0x0000000093300000, 0x0000000093300000, 0x0000000093400000|  0%| F|  |TAMS 0x0000000093300000, 0x0000000093300000| Untracked 
|  36|0x0000000093400000, 0x0000000093400000, 0x0000000093500000|  0%| F|  |TAMS 0x0000000093400000, 0x0000000093400000| Untracked 
|  37|0x0000000093500000, 0x0000000093500000, 0x0000000093600000|  0%| F|  |TAMS 0x0000000093500000, 0x0000000093500000| Untracked 
|  38|0x0000000093600000, 0x0000000093600000, 0x0000000093700000|  0%| F|  |TAMS 0x0000000093600000, 0x0000000093600000| Untracked 
|  39|0x0000000093700000, 0x0000000093700000, 0x0000000093800000|  0%| F|  |TAMS 0x0000000093700000, 0x0000000093700000| Untracked 
|  40|0x0000000093800000, 0x0000000093800000, 0x0000000093900000|  0%| F|  |TAMS 0x0000000093800000, 0x0000000093800000| Untracked 
|  41|0x0000000093900000, 0x0000000093900000, 0x0000000093a00000|  0%| F|  |TAMS 0x0000000093900000, 0x0000000093900000| Untracked 
|  42|0x0000000093a00000, 0x0000000093a00000, 0x0000000093b00000|  0%| F|  |TAMS 0x0000000093a00000, 0x0000000093a00000| Untracked 
|  43|0x0000000093b00000, 0x0000000093b00000, 0x0000000093c00000|  0%| F|  |TAMS 0x0000000093b00000, 0x0000000093b00000| Untracked 
|  44|0x0000000093c00000, 0x0000000093c00000, 0x0000000093d00000|  0%| F|  |TAMS 0x0000000093c00000, 0x0000000093c00000| Untracked 
|  45|0x0000000093d00000, 0x0000000093d00000, 0x0000000093e00000|  0%| F|  |TAMS 0x0000000093d00000, 0x0000000093d00000| Untracked 
|  46|0x0000000093e00000, 0x0000000093e00000, 0x0000000093f00000|  0%| F|  |TAMS 0x0000000093e00000, 0x0000000093e00000| Untracked 
|  47|0x0000000093f00000, 0x0000000093f00000, 0x0000000094000000|  0%| F|  |TAMS 0x0000000093f00000, 0x0000000093f00000| Untracked 
|  48|0x0000000094000000, 0x0000000094000000, 0x0000000094100000|  0%| F|  |TAMS 0x0000000094000000, 0x0000000094000000| Untracked 
|  49|0x0000000094100000, 0x0000000094100000, 0x0000000094200000|  0%| F|  |TAMS 0x0000000094100000, 0x0000000094100000| Untracked 
|  50|0x0000000094200000, 0x0000000094200000, 0x0000000094300000|  0%| F|  |TAMS 0x0000000094200000, 0x0000000094200000| Untracked 
|  51|0x0000000094300000, 0x0000000094300000, 0x0000000094400000|  0%| F|  |TAMS 0x0000000094300000, 0x0000000094300000| Untracked 
|  52|0x0000000094400000, 0x0000000094400000, 0x0000000094500000|  0%| F|  |TAMS 0x0000000094400000, 0x0000000094400000| Untracked 
|  53|0x0000000094500000, 0x0000000094500000, 0x0000000094600000|  0%| F|  |TAMS 0x0000000094500000, 0x0000000094500000| Untracked 
|  54|0x0000000094600000, 0x0000000094600000, 0x0000000094700000|  0%| F|  |TAMS 0x0000000094600000, 0x0000000094600000| Untracked 
|  55|0x0000000094700000, 0x0000000094700000, 0x0000000094800000|  0%| F|  |TAMS 0x0000000094700000, 0x0000000094700000| Untracked 
|  56|0x0000000094800000, 0x0000000094800000, 0x0000000094900000|  0%| F|  |TAMS 0x0000000094800000, 0x0000000094800000| Untracked 
|  57|0x0000000094900000, 0x0000000094900000, 0x0000000094a00000|  0%| F|  |TAMS 0x0000000094900000, 0x0000000094900000| Untracked 
|  58|0x0000000094a00000, 0x0000000094a00000, 0x0000000094b00000|  0%| F|  |TAMS 0x0000000094a00000, 0x0000000094a00000| Untracked 
|  59|0x0000000094b00000, 0x0000000094b00000, 0x0000000094c00000|  0%| F|  |TAMS 0x0000000094b00000, 0x0000000094b00000| Untracked 
|  60|0x0000000094c00000, 0x0000000094c00000, 0x0000000094d00000|  0%| F|  |TAMS 0x0000000094c00000, 0x0000000094c00000| Untracked 
|  61|0x0000000094d00000, 0x0000000094d00000, 0x0000000094e00000|  0%| F|  |TAMS 0x0000000094d00000, 0x0000000094d00000| Untracked 
|  62|0x0000000094e00000, 0x0000000094e00000, 0x0000000094f00000|  0%| F|  |TAMS 0x0000000094e00000, 0x0000000094e00000| Untracked 
|  63|0x0000000094f00000, 0x0000000094f00000, 0x0000000095000000|  0%| F|  |TAMS 0x0000000094f00000, 0x0000000094f00000| Untracked 
|  64|0x0000000095000000, 0x0000000095000000, 0x0000000095100000|  0%| F|  |TAMS 0x0000000095000000, 0x0000000095000000| Untracked 
|  65|0x0000000095100000, 0x0000000095100000, 0x0000000095200000|  0%| F|  |TAMS 0x0000000095100000, 0x0000000095100000| Untracked 
|  66|0x0000000095200000, 0x0000000095200000, 0x0000000095300000|  0%| F|  |TAMS 0x0000000095200000, 0x0000000095200000| Untracked 
|  67|0x0000000095300000, 0x0000000095300000, 0x0000000095400000|  0%| F|  |TAMS 0x0000000095300000, 0x0000000095300000| Untracked 
|  68|0x0000000095400000, 0x0000000095400000, 0x0000000095500000|  0%| F|  |TAMS 0x0000000095400000, 0x0000000095400000| Untracked 
|  69|0x0000000095500000, 0x0000000095500000, 0x0000000095600000|  0%| F|  |TAMS 0x0000000095500000, 0x0000000095500000| Untracked 
|  70|0x0000000095600000, 0x0000000095600000, 0x0000000095700000|  0%| F|  |TAMS 0x0000000095600000, 0x0000000095600000| Untracked 
|  71|0x0000000095700000, 0x0000000095700000, 0x0000000095800000|  0%| F|  |TAMS 0x0000000095700000, 0x0000000095700000| Untracked 
|  72|0x0000000095800000, 0x0000000095800000, 0x0000000095900000|  0%| F|  |TAMS 0x0000000095800000, 0x0000000095800000| Untracked 
|  73|0x0000000095900000, 0x0000000095900000, 0x0000000095a00000|  0%| F|  |TAMS 0x0000000095900000, 0x0000000095900000| Untracked 
|  74|0x0000000095a00000, 0x0000000095a00000, 0x0000000095b00000|  0%| F|  |TAMS 0x0000000095a00000, 0x0000000095a00000| Untracked 
|  75|0x0000000095b00000, 0x0000000095b00000, 0x0000000095c00000|  0%| F|  |TAMS 0x0000000095b00000, 0x0000000095b00000| Untracked 
|  76|0x0000000095c00000, 0x0000000095c00000, 0x0000000095d00000|  0%| F|  |TAMS 0x0000000095c00000, 0x0000000095c00000| Untracked 
|  77|0x0000000095d00000, 0x0000000095d00000, 0x0000000095e00000|  0%| F|  |TAMS 0x0000000095d00000, 0x0000000095d00000| Untracked 
|  78|0x0000000095e00000, 0x0000000095e00000, 0x0000000095f00000|  0%| F|  |TAMS 0x0000000095e00000, 0x0000000095e00000| Untracked 
|  79|0x0000000095f00000, 0x0000000095f00000, 0x0000000096000000|  0%| F|  |TAMS 0x0000000095f00000, 0x0000000095f00000| Untracked 
|  80|0x0000000096000000, 0x0000000096000000, 0x0000000096100000|  0%| F|  |TAMS 0x0000000096000000, 0x0000000096000000| Untracked 
|  81|0x0000000096100000, 0x0000000096100000, 0x0000000096200000|  0%| F|  |TAMS 0x0000000096100000, 0x0000000096100000| Untracked 
|  82|0x0000000096200000, 0x0000000096200000, 0x0000000096300000|  0%| F|  |TAMS 0x0000000096200000, 0x0000000096200000| Untracked 
|  83|0x0000000096300000, 0x0000000096300000, 0x0000000096400000|  0%| F|  |TAMS 0x0000000096300000, 0x0000000096300000| Untracked 
|  84|0x0000000096400000, 0x0000000096400000, 0x0000000096500000|  0%| F|  |TAMS 0x0000000096400000, 0x0000000096400000| Untracked 
|  85|0x0000000096500000, 0x0000000096500000, 0x0000000096600000|  0%| F|  |TAMS 0x0000000096500000, 0x0000000096500000| Untracked 
|  86|0x0000000096600000, 0x0000000096600000, 0x0000000096700000|  0%| F|  |TAMS 0x0000000096600000, 0x0000000096600000| Untracked 
|  87|0x0000000096700000, 0x0000000096700000, 0x0000000096800000|  0%| F|  |TAMS 0x0000000096700000, 0x0000000096700000| Untracked 
|  88|0x0000000096800000, 0x0000000096800000, 0x0000000096900000|  0%| F|  |TAMS 0x0000000096800000, 0x0000000096800000| Untracked 
|  89|0x0000000096900000, 0x0000000096900000, 0x0000000096a00000|  0%| F|  |TAMS 0x0000000096900000, 0x0000000096900000| Untracked 
|  90|0x0000000096a00000, 0x0000000096a00000, 0x0000000096b00000|  0%| F|  |TAMS 0x0000000096a00000, 0x0000000096a00000| Untracked 
|  91|0x0000000096b00000, 0x0000000096b00000, 0x0000000096c00000|  0%| F|  |TAMS 0x0000000096b00000, 0x0000000096b00000| Untracked 
|  92|0x0000000096c00000, 0x0000000096c00000, 0x0000000096d00000|  0%| F|  |TAMS 0x0000000096c00000, 0x0000000096c00000| Untracked 
|  93|0x0000000096d00000, 0x0000000096d00000, 0x0000000096e00000|  0%| F|  |TAMS 0x0000000096d00000, 0x0000000096d00000| Untracked 
|  94|0x0000000096e00000, 0x0000000096e00000, 0x0000000096f00000|  0%| F|  |TAMS 0x0000000096e00000, 0x0000000096e00000| Untracked 
|  95|0x0000000096f00000, 0x0000000096f00000, 0x0000000097000000|  0%| F|  |TAMS 0x0000000096f00000, 0x0000000096f00000| Untracked 
|  96|0x0000000097000000, 0x0000000097000000, 0x0000000097100000|  0%| F|  |TAMS 0x0000000097000000, 0x0000000097000000| Untracked 
|  97|0x0000000097100000, 0x0000000097100000, 0x0000000097200000|  0%| F|  |TAMS 0x0000000097100000, 0x0000000097100000| Untracked 
|  98|0x0000000097200000, 0x0000000097200000, 0x0000000097300000|  0%| F|  |TAMS 0x0000000097200000, 0x0000000097200000| Untracked 
|  99|0x0000000097300000, 0x0000000097300000, 0x0000000097400000|  0%| F|  |TAMS 0x0000000097300000, 0x0000000097300000| Untracked 
| 100|0x0000000097400000, 0x0000000097400000, 0x0000000097500000|  0%| F|  |TAMS 0x0000000097400000, 0x0000000097400000| Untracked 
| 101|0x0000000097500000, 0x0000000097500000, 0x0000000097600000|  0%| F|  |TAMS 0x0000000097500000, 0x0000000097500000| Untracked 
| 102|0x0000000097600000, 0x0000000097600000, 0x0000000097700000|  0%| F|  |TAMS 0x0000000097600000, 0x0000000097600000| Untracked 
| 103|0x0000000097700000, 0x0000000097700000, 0x0000000097800000|  0%| F|  |TAMS 0x0000000097700000, 0x0000000097700000| Untracked 
| 104|0x0000000097800000, 0x0000000097800000, 0x0000000097900000|  0%| F|  |TAMS 0x0000000097800000, 0x0000000097800000| Untracked 
| 105|0x0000000097900000, 0x0000000097900000, 0x0000000097a00000|  0%| F|  |TAMS 0x0000000097900000, 0x0000000097900000| Untracked 
| 106|0x0000000097a00000, 0x0000000097a00000, 0x0000000097b00000|  0%| F|  |TAMS 0x0000000097a00000, 0x0000000097a00000| Untracked 
| 107|0x0000000097b00000, 0x0000000097b00000, 0x0000000097c00000|  0%| F|  |TAMS 0x0000000097b00000, 0x0000000097b00000| Untracked 
| 108|0x0000000097c00000, 0x0000000097c00000, 0x0000000097d00000|  0%| F|  |TAMS 0x0000000097c00000, 0x0000000097c00000| Untracked 
| 109|0x0000000097d00000, 0x0000000097d00000, 0x0000000097e00000|  0%| F|  |TAMS 0x0000000097d00000, 0x0000000097d00000| Untracked 
| 110|0x0000000097e00000, 0x0000000097e76630, 0x0000000097f00000| 46%| E|  |TAMS 0x0000000097e00000, 0x0000000097e00000| Complete 
| 111|0x0000000097f00000, 0x0000000098000000, 0x0000000098000000|100%| E|CS|TAMS 0x0000000097f00000, 0x0000000097f00000| Complete 

Card table byte_map: [0x000001fd2dfb0000,0x000001fd2e330000] _byte_map_base: 0x000001fd2db28000

Marking Bits (Prev, Next): (CMBitMap*) 0x000001fd1b1e40c0, (CMBitMap*) 0x000001fd1b1e4100
 Prev Bits: [0x000001fd2e6b0000, 0x000001fd30270000)
 Next Bits: [0x000001fd30270000, 0x000001fd31e30000)

Polling page: 0x000001fd19160000

Metaspace:

Usage:
  Non-class:      4.32 MB used.
      Class:    414.74 KB used.
       Both:      4.72 MB used.

Virtual space:
  Non-class space:        8.00 MB reserved,       4.38 MB ( 55%) committed,  1 nodes.
      Class space:        1.00 GB reserved,     512.00 KB ( <1%) committed,  1 nodes.
             Both:        1.01 GB reserved,       4.88 MB ( <1%) committed. 

Chunk freelists:
   Non-Class:  2.99 MB
       Class:  3.56 MB
        Both:  6.55 MB

MaxMetaspaceSize: unlimited
CompressedClassSpaceSize: 1.00 GB
Initial GC threshold: 21.00 MB
Current GC threshold: 21.00 MB
CDS: off
MetaspaceReclaimPolicy: balanced
 - commit_granule_bytes: 65536.
 - commit_granule_words: 8192.
 - virtual_space_node_default_size: 1048576.
 - enlarge_chunks_in_place: 1.
 - new_chunks_are_fully_committed: 0.
 - uncommit_free_chunks: 1.
 - use_allocation_guard: 0.
 - handle_deallocations: 1.


Internal statistics:

num_allocs_failed_limit: 0.
num_arena_births: 4.
num_arena_deaths: 0.
num_vsnodes_births: 2.
num_vsnodes_deaths: 0.
num_space_committed: 78.
num_space_uncommitted: 0.
num_chunks_returned_to_freelist: 0.
num_chunks_taken_from_freelist: 8.
num_chunk_merges: 0.
num_chunk_splits: 3.
num_chunks_enlarged: 1.
num_purges: 0.
num_inconsistent_stats: 0.

CodeHeap 'non-profiled nmethods': size=120000Kb used=13Kb max_used=13Kb free=119986Kb
 bounds [0x000001fd263c0000, 0x000001fd26630000, 0x000001fd2d8f0000]
CodeHeap 'profiled nmethods': size=120000Kb used=115Kb max_used=115Kb free=119884Kb
 bounds [0x000001fd1e8f0000, 0x000001fd1eb60000, 0x000001fd25e20000]
CodeHeap 'non-nmethods': size=5760Kb used=1051Kb max_used=1065Kb free=4708Kb
 bounds [0x000001fd25e20000, 0x000001fd26090000, 0x000001fd263c0000]
 total_blobs=398 nmethods=85 adapters=226
 compilation: enabled
              stopped_count=0, restarted_count=0
 full_count=0

Compilation events (20 events):
Event: 1.214 Thread 0x000001fd3540a6e0   77       3       java.util.zip.ZipUtils::CENNAM (9 bytes)
Event: 1.215 Thread 0x000001fd3540a6e0 nmethod 77 0x000001fd1e907c10 code [0x000001fd1e907da0, 0x000001fd1e907f58]
Event: 1.215 Thread 0x000001fd3540a6e0   81       3       java.util.zip.ZipUtils::CENEXT (9 bytes)
Event: 1.215 Thread 0x000001fd35409de0 nmethod 74 0x000001fd263c3290 code [0x000001fd263c3400, 0x000001fd263c34b8]
Event: 1.215 Thread 0x000001fd3540a6e0 nmethod 81 0x000001fd1e908090 code [0x000001fd1e908220, 0x000001fd1e9083d8]
Event: 1.215 Thread 0x000001fd3540a6e0   82   !   3       java.util.zip.ZipFile$Source::checkAndAddEntry (209 bytes)
Event: 1.216 Thread 0x000001fd35409de0   86 %     4       java.util.zip.ZipCoder$UTF8ZipCoder::checkedHash @ 14 (91 bytes)
Event: 1.217 Thread 0x000001fd3540a6e0 nmethod 82 0x000001fd1e908510 code [0x000001fd1e908880, 0x000001fd1e909c28]
Event: 1.217 Thread 0x000001fd3540a6e0   78       3       java.util.zip.ZipFile$Source::zipCoderForPos (39 bytes)
Event: 1.217 Thread 0x000001fd3540a6e0 nmethod 78 0x000001fd1e90a790 code [0x000001fd1e90a960, 0x000001fd1e90ad48]
Event: 1.217 Thread 0x000001fd3540a6e0   79       3       java.util.zip.ZipUtils::CENFLG (9 bytes)
Event: 1.218 Thread 0x000001fd3540a6e0 nmethod 79 0x000001fd1e90af10 code [0x000001fd1e90b0a0, 0x000001fd1e90b258]
Event: 1.218 Thread 0x000001fd3540a6e0   80       3       java.util.zip.ZipUtils::CENCOM (9 bytes)
Event: 1.218 Thread 0x000001fd3540a6e0 nmethod 80 0x000001fd1e90b390 code [0x000001fd1e90b520, 0x000001fd1e90b6d8]
Event: 1.218 Thread 0x000001fd3540a6e0   83       3       java.util.zip.ZipUtils::CENSIG (8 bytes)
Event: 1.218 Thread 0x000001fd3540a6e0 nmethod 83 0x000001fd1e90b810 code [0x000001fd1e90b9c0, 0x000001fd1e90bc98]
Event: 1.218 Thread 0x000001fd3540a6e0   84       3       java.util.zip.ZipFile$Source::isMetaName (141 bytes)
Event: 1.219 Thread 0x000001fd3540a6e0 nmethod 84 0x000001fd1e90be10 code [0x000001fd1e90bfc0, 0x000001fd1e90c4d8]
Event: 1.219 Thread 0x000001fd3540a6e0   85       3       java.util.zip.ZipFile$Source::nextEntryPos (22 bytes)
Event: 1.219 Thread 0x000001fd3540a6e0 nmethod 85 0x000001fd1e90c690 code [0x000001fd1e90c840, 0x000001fd1e90cb78]

GC Heap History (0 events):
No events

Dll operation events (1 events):
Event: 0.069 Loaded shared library D:\GoLand 2022.3.4\jbr\bin\java.dll

Deoptimization events (0 events):
No events

Classes unloaded (0 events):
No events

Classes redefined (0 events):
No events

Internal exceptions (0 events):
No events

VM Operations (0 events):
No events

Events (20 events):
Event: 0.861 loading class java/lang/RuntimePermission
Event: 0.861 loading class java/lang/RuntimePermission done
Event: 0.861 loading class java/security/BasicPermissionCollection
Event: 0.861 loading class java/security/BasicPermissionCollection done
Event: 0.861 loading class java/security/AllPermission
Event: 0.861 loading class java/security/AllPermission done
Event: 0.861 loading class java/security/UnresolvedPermission
Event: 0.862 loading class java/security/UnresolvedPermission done
Event: 0.862 loading class java/security/SecureClassLoader$DebugHolder
Event: 0.862 loading class java/security/SecureClassLoader$DebugHolder done
Event: 0.862 loading class sun/security/util/Debug
Event: 0.863 loading class sun/security/util/Debug done
Event: 0.869 loading class java/lang/PublicMethods$MethodList
Event: 0.869 loading class java/lang/PublicMethods$MethodList done
Event: 0.869 loading class java/lang/PublicMethods$Key
Event: 0.869 loading class java/lang/PublicMethods$Key done
Event: 0.870 loading class java/lang/Void
Event: 0.870 loading class java/lang/Void done
Event: 0.872 loading class java/lang/IllegalStateException
Event: 0.872 loading class java/lang/IllegalStateException done


Dynamic libraries:
0x00007ff700370000 - 0x00007ff70037a000 	D:\GoLand 2022.3.4\jbr\bin\java.exe
0x00007fff47d50000 - 0x00007fff47f67000 	C:\WINDOWS\SYSTEM32\ntdll.dll
0x00007fff469f0000 - 0x00007fff46ab4000 	C:\WINDOWS\System32\KERNEL32.DLL
0x00007fff450f0000 - 0x00007fff4549c000 	C:\WINDOWS\System32\KERNELBASE.dll
0x00007fff45740000 - 0x00007fff45851000 	C:\WINDOWS\System32\ucrtbase.dll
0x00007ffebc170000 - 0x00007ffebc187000 	D:\GoLand 2022.3.4\jbr\bin\jli.dll
0x00007fff47230000 - 0x00007fff473de000 	C:\WINDOWS\System32\USER32.dll
0x00007fff45670000 - 0x00007fff45696000 	C:\WINDOWS\System32\win32u.dll
0x00007fff47a40000 - 0x00007fff47a69000 	C:\WINDOWS\System32\GDI32.dll
0x00007fff45550000 - 0x00007fff45669000 	C:\WINDOWS\System32\gdi32full.dll
0x00007fff456a0000 - 0x00007fff4573a000 	C:\WINDOWS\System32\msvcp_win.dll
0x00007fff046d0000 - 0x00007fff046eb000 	D:\GoLand 2022.3.4\jbr\bin\VCRUNTIME140.dll
0x00007fff33c80000 - 0x00007fff33f13000 	C:\WINDOWS\WinSxS\amd64_microsoft.windows.common-controls_6595b64144ccf1df_6.0.22621.3672_none_2713b9d173822955\COMCTL32.dll
0x00007fff47be0000 - 0x00007fff47c87000 	C:\WINDOWS\System32\msvcrt.dll
0x00007fff47980000 - 0x00007fff479b1000 	C:\WINDOWS\System32\IMM32.DLL
0x00007fff319f0000 - 0x00007fff319fc000 	D:\GoLand 2022.3.4\jbr\bin\vcruntime140_1.dll
0x00007ffeb24f0000 - 0x00007ffeb257d000 	D:\GoLand 2022.3.4\jbr\bin\msvcp140.dll
0x00007ffe8de80000 - 0x00007ffe8eaed000 	D:\GoLand 2022.3.4\jbr\bin\server\jvm.dll
0x00007fff47440000 - 0x00007fff474f2000 	C:\WINDOWS\System32\ADVAPI32.dll
0x00007fff47070000 - 0x00007fff4711a000 	C:\WINDOWS\System32\sechost.dll
0x00007fff454a0000 - 0x00007fff454c8000 	C:\WINDOWS\System32\bcrypt.dll
0x00007fff45e20000 - 0x00007fff45f35000 	C:\WINDOWS\System32\RPCRT4.dll
0x00007fff1a360000 - 0x00007fff1a369000 	C:\WINDOWS\SYSTEM32\WSOCK32.dll
0x00007fff47c90000 - 0x00007fff47d01000 	C:\WINDOWS\System32\WS2_32.dll
0x00007fff39ba0000 - 0x00007fff39baa000 	C:\WINDOWS\SYSTEM32\VERSION.dll
0x00007fff41e90000 - 0x00007fff41ec4000 	C:\WINDOWS\SYSTEM32\WINMM.dll
0x00007fff44080000 - 0x00007fff44098000 	C:\WINDOWS\SYSTEM32\kernel.appcore.dll
0x00007fff08800000 - 0x00007fff0880a000 	D:\GoLand 2022.3.4\jbr\bin\jimage.dll
0x00007fff42880000 - 0x00007fff42ab2000 	C:\WINDOWS\SYSTEM32\DBGHELP.DLL
0x00007fff45a90000 - 0x00007fff45e18000 	C:\WINDOWS\System32\combase.dll
0x00007fff46de0000 - 0x00007fff46eb7000 	C:\WINDOWS\System32\OLEAUT32.dll
0x00007fff22130000 - 0x00007fff22162000 	C:\WINDOWS\SYSTEM32\dbgcore.DLL
0x00007fff454d0000 - 0x00007fff4554b000 	C:\WINDOWS\System32\bcryptPrimitives.dll
0x00007fff08470000 - 0x00007fff08495000 	D:\GoLand 2022.3.4\jbr\bin\java.dll
0x00007fff087e0000 - 0x00007fff087f8000 	D:\GoLand 2022.3.4\jbr\bin\zip.dll
0x00007fff46100000 - 0x00007fff4695c000 	C:\WINDOWS\System32\SHELL32.dll
0x00007fff42e20000 - 0x00007fff43717000 	C:\WINDOWS\SYSTEM32\windows.storage.dll
0x00007fff43740000 - 0x00007fff4387f000 	C:\WINDOWS\SYSTEM32\wintypes.dll
0x00007fff47130000 - 0x00007fff47224000 	C:\WINDOWS\System32\SHCORE.dll
0x00007fff46bc0000 - 0x00007fff46c1e000 	C:\WINDOWS\System32\shlwapi.dll
0x00007fff44fb0000 - 0x00007fff44fd1000 	C:\WINDOWS\SYSTEM32\profapi.dll
0x00007ffef56b0000 - 0x00007ffef56c9000 	D:\GoLand 2022.3.4\jbr\bin\net.dll
0x00007fff3eed0000 - 0x00007fff3f006000 	C:\WINDOWS\SYSTEM32\WINHTTP.dll
0x00007fff44500000 - 0x00007fff44569000 	C:\WINDOWS\system32\mswsock.dll
0x00007ffed7990000 - 0x00007ffed79a6000 	D:\GoLand 2022.3.4\jbr\bin\nio.dll

dbghelp: loaded successfully - version: 4.0.5 - missing functions: none
symbol engine: initialized successfully - sym options: 0x614 - pdb path: .;D:\GoLand 2022.3.4\jbr\bin;C:\WINDOWS\SYSTEM32;C:\WINDOWS\WinSxS\amd64_microsoft.windows.common-controls_6595b64144ccf1df_6.0.22621.3672_none_2713b9d173822955;D:\GoLand 2022.3.4\jbr\bin\server

VM Arguments:
java_command: git4idea.http.GitAskPassApp Username for 'https://github.com': 
java_class_path (initial): D:/GoLand 2022.3.4/plugins/vcs-git/lib/git4idea-rt.jar;D:/GoLand 2022.3.4/lib/externalProcess-rt.jar;D:/GoLand 2022.3.4/lib/app.jar;D:/GoLand 2022.3.4/lib/3rd-party-rt.jar
Launcher Type: SUN_STANDARD

[Global flags]
     intx CICompilerCount                          = 4                                         {product} {ergonomic}
     uint ConcGCThreads                            = 2                                         {product} {ergonomic}
     uint G1ConcRefinementThreads                  = 8                                         {product} {ergonomic}
   size_t G1HeapRegionSize                         = 1048576                                   {product} {ergonomic}
    uintx GCDrainStackTargetSize                   = 64                                        {product} {ergonomic}
   size_t InitialHeapSize                          = 117440512                                 {product} {ergonomic}
   size_t MarkStackSize                            = 4194304                                   {product} {ergonomic}
   size_t MaxHeapSize                              = 1862270976                                {product} {ergonomic}
   size_t MaxNewSize                               = 1116733440                                {product} {ergonomic}
   size_t MinHeapDeltaBytes                        = 1048576                                   {product} {ergonomic}
   size_t MinHeapSize                              = 8388608                                   {product} {ergonomic}
    uintx NonNMethodCodeHeapSize                   = 5839372                                {pd product} {ergonomic}
    uintx NonProfiledCodeHeapSize                  = 122909434                              {pd product} {ergonomic}
    uintx ProfiledCodeHeapSize                     = 122909434                              {pd product} {ergonomic}
    uintx ReservedCodeCacheSize                    = 251658240                              {pd product} {ergonomic}
     bool SegmentedCodeCache                       = true                                      {product} {ergonomic}
   size_t SoftMaxHeapSize                          = 1862270976                             {manageable} {ergonomic}
     bool UseCompressedClassPointers               = true                           {product lp64_product} {ergonomic}
     bool UseCompressedOops                        = true                           {product lp64_product} {ergonomic}
     bool UseG1GC                                  = true                                      {product} {ergonomic}
     bool UseLargePagesIndividualAllocation        = false                                  {pd product} {ergonomic}

Logging:
Log output configuration:
 #0: stdout all=warning uptime,level,tags
 #1: stderr all=off uptime,level,tags

Environment Variables:
PATH=C:/Program Files/Git/mingw64/libexec/git-core;C:/Program Files/Git/mingw64/libexec/git-core;C:\Program Files\Git\mingw64\bin;C:\Program Files\Git\usr\bin;C:\Users\eg898\bin;C:\Program Files (x86)\Common Files\Oracle\Java\javapath;C:\Program Files (x86)\NVIDIA Corporation\PhysX\Common;C:\WINDOWS\system32;C:\WINDOWS;C:\WINDOWS\System32\Wbem;C:\WINDOWS\System32\WindowsPowerShell\v1.0\;C:\WINDOWS\System32\OpenSSH\;C:\adb;C:\Program Files\Microsoft SQL Server\Client SDK\ODBC\170\Tools\Binn\;C:\Program Files (x86)\Microsoft SQL Server\150\Tools\Binn\;C:\Program Files\Microsoft SQL Server\150\Tools\Binn\;C:\Program Files\Microsoft SQL Server\150\DTS\Binn\;C:\Program Files\dotnet\;C:\Program Files (x86)\dotnet\;C:\php;D:\Program Files\bin;C:\Go\bin;D:\Program Files\Go\bin;C:\Program Files\Git\cmd;C:\Program Files\Docker\Docker\resources\bin;C:\Program Files\Amazon\AWSCLIV2\;C:\Users\eg898\AppData\Local\Programs\Python\Python39\Scripts\;C:\Users\eg898\AppData\Local\Programs\Python\Python39\;C:\Users\eg898\AppData\Local\Microsoft\WindowsApps;C:\Program Files\Azure Data Studio\bin;C:\Users\eg898\.dotnet\tools;C:\Users\eg898\AppData\Local\Programs\Microsoft VS Code\bin;C:\ProgramData\eg898\atom\bin;C:\Users\eg898\AppData\Local\Microsoft\WindowsApps;D:\Program Files\bin;C:\Users\eg898\go\bin;C:\Users\eg898\AppData\Local\GitHubDesktop\bin
USERNAME=eg898
DISPLAY=:0.0
LC_ALL=en_US.UTF-8
TERM=xterm-256color
TMPDIR=C:\Users\eg898\AppData\Local\Temp
OS=Windows_NT
PROCESSOR_IDENTIFIER=AMD64 Family 23 Model 24 Stepping 1, AuthenticAMD
TMP=C:\Users\eg898\AppData\Local\Temp
TEMP=C:\Users\eg898\AppData\Local\Temp



---------------  S Y S T E M  ---------------

OS:
 Windows 11 , 64 bit Build 22621 (10.0.22621.3672)
OS uptime: 3 days 15:48 hours
Hyper-V role detected

CPU: total 8 (initial active 8) (8 cores per cpu, 2 threads per core) family 23 model 24 stepping 1 microcode 0x0, cx8, cmov, fxsr, ht, mmx, 3dnowpref, sse, sse2, sse3, ssse3, sse4a, sse4.1, sse4.2, popcnt, lzcnt, tsc, tscinvbit, avx, avx2, aes, clmul, bmi1, bmi2, adx, sha, fma, vzeroupper, clflush, clflushopt, hv

Memory: 4k page, system-wide physical 7103M (233M free)
TotalPageFile size 15295M (AvailPageFile size 0M)
current process WorkingSet (physical memory assigned to process): 44M, peak: 44M
current process commit charge ("private bytes"): 186M, peak: 187M

vm_info: OpenJDK 64-Bit Server VM (17.0.6+1-b653.34) for windows-amd64 JRE (17.0.6+1-b653.34), built on 2023-02-24 by "builduser" with MS VC++ 16.10 / 16.11 (VS2019)

END.
