#
# There is insufficient memory for the Java Runtime Environment to continue.
# Native memory allocation (mmap) failed to map 117440512 bytes for G1 virtual space
# Possible reasons:
#   The system is out of physical RAM or swap space
#   The process is running with CompressedOops enabled, and the Java Heap may be blocking the growth of the native heap
# Possible solutions:
#   Reduce memory load on the system
#   Increase physical memory or swap space
#   Check if swap backing store is full
#   Decrease Java heap size (-Xmx/-Xms)
#   Decrease number of Java threads
#   Decrease Java thread stack sizes (-Xss)
#   Set larger code cache with -XX:ReservedCodeCacheSize=
#   JVM is running with Unscaled Compressed Oops mode in which the Java heap is
#     placed in the first 4GB address space. The Java Heap base address is the
#     maximum limit for the native heap growth. Please use -XX:HeapBaseMinAddress
#     to set the Java Heap base and to place the Java Heap above 4GB virtual address.
# This output file may be truncated or incomplete.
#
#  Out of Memory Error (os_windows.cpp:3769), pid=26584, tid=22884
#
# JRE version:  (17.0.6+1) (build )
# Java VM: OpenJDK 64-Bit Server VM (17.0.6+1-b653.34, mixed mode, sharing, tiered, compressed oops, compressed class ptrs, g1 gc, windows-amd64)
# No core dump will be written. Minidumps are not enabled by default on client versions of Windows
#

---------------  S U M M A R Y ------------

Command Line: git4idea.http.GitAskPassApp Username for 'https://github.com': 

Host: AMD Ryzen 5 3500U with Radeon Vega Mobile Gfx  , 8 cores, 6G,  Windows 11 , 64 bit Build 22621 (10.0.22621.3672)
Time: Sun Jul  7 11:59:31 2024 RTZ 4 (s 11 , 64 bit Build 22621 (10.0.22621.3672) elapsed time: 0.019183 seconds (0d 0h 0m 0s)

---------------  T H R E A D  ---------------

Current thread (0x000001c853d62a30):  JavaThread "Unknown thread" [_thread_in_vm, id=22884, stack(0x000000a174300000,0x000000a174400000)]

Stack: [0x000000a174300000,0x000000a174400000]
Native frames: (J=compiled Java code, j=interpreted, Vv=VM code, C=native code)
V  [jvm.dll+0x683b4a]
V  [jvm.dll+0x842654]
V  [jvm.dll+0x843dfe]
V  [jvm.dll+0x844463]
V  [jvm.dll+0x249b75]
V  [jvm.dll+0x680a19]
V  [jvm.dll+0x674f0a]
V  [jvm.dll+0x309acb]
V  [jvm.dll+0x310f86]
V  [jvm.dll+0x3608ee]
V  [jvm.dll+0x360b1f]
V  [jvm.dll+0x2dfbf8]
V  [jvm.dll+0x2e0b64]
V  [jvm.dll+0x813f41]
V  [jvm.dll+0x36e6a1]
V  [jvm.dll+0x7f347c]
V  [jvm.dll+0x3f0e8f]
V  [jvm.dll+0x3f29d1]
C  [jli.dll+0x526b]
C  [ucrtbase.dll+0x29333]
C  [KERNEL32.DLL+0x1257d]
C  [ntdll.dll+0x5af28]


---------------  P R O C E S S  ---------------

Threads class SMR info:
_java_thread_list=0x00007ffe8e9bc058, length=0, elements={
}

Java Threads: ( => current thread )

Other Threads:
  0x000001c853db4d90 GCTaskThread "GC Thread#0" [stack: 0x000000a174400000,0x000000a174500000] [id=21456]
  0x000001c853dc39e0 ConcurrentGCThread "G1 Main Marker" [stack: 0x000000a174500000,0x000000a174600000] [id=22892]
  0x000001c853dc4300 ConcurrentGCThread "G1 Conc#0" [stack: 0x000000a174600000,0x000000a174700000] [id=24800]

[error occurred during error reporting (printing all threads), id 0xc0000005, EXCEPTION_ACCESS_VIOLATION (0xc0000005) at pc=0x00007ffe8e170797]

VM state: not at safepoint (not fully initialized)

VM Mutex/Monitor currently owned by a thread:  ([mutex/lock_event])
[0x000001c853d60c50] Heap_lock - owner thread: 0x000001c853d62a30

Heap address: 0x0000000091000000, size: 1776 MB, Compressed Oops mode: 32-bit

CDS archive(s) mapped at: [0x0000000000000000-0x0000000000000000-0x0000000000000000), size 0, SharedBaseAddress: 0x0000000800000000, ArchiveRelocationMode: 0.
Narrow klass base: 0x0000000000000000, Narrow klass shift: 0, Narrow klass range: 0x0

GC Precious Log:
<Empty>

Heap:
 garbage-first heap   total 0K, used 0K [0x0000000091000000, 0x0000000100000000)
  region size 1024K, 0 young (0K), 0 survivors (0K)

[error occurred during error reporting (printing heap information), id 0xc0000005, EXCEPTION_ACCESS_VIOLATION (0xc0000005) at pc=0x00007ffe8e55d939]

GC Heap History (0 events):
No events

Dll operation events (1 events):
Event: 0.013 Loaded shared library D:\GoLand 2022.3.4\jbr\bin\java.dll

Deoptimization events (0 events):
No events

Classes unloaded (0 events):
No events

Classes redefined (0 events):
No events

Internal exceptions (0 events):
No events

VM Operations (0 events):
No events

Events (0 events):
No events


Dynamic libraries:
0x00007ff6a3d80000 - 0x00007ff6a3d8a000 	D:\GoLand 2022.3.4\jbr\bin\java.exe
0x00007fff47d50000 - 0x00007fff47f67000 	C:\WINDOWS\SYSTEM32\ntdll.dll
0x00007fff469f0000 - 0x00007fff46ab4000 	C:\WINDOWS\System32\KERNEL32.DLL
0x00007fff450f0000 - 0x00007fff4549c000 	C:\WINDOWS\System32\KERNELBASE.dll
0x00007fff45740000 - 0x00007fff45851000 	C:\WINDOWS\System32\ucrtbase.dll
0x00007ffebc170000 - 0x00007ffebc187000 	D:\GoLand 2022.3.4\jbr\bin\jli.dll
0x00007fff10540000 - 0x00007fff1055b000 	D:\GoLand 2022.3.4\jbr\bin\VCRUNTIME140.dll
0x00007fff47230000 - 0x00007fff473de000 	C:\WINDOWS\System32\USER32.dll
0x00007fff45670000 - 0x00007fff45696000 	C:\WINDOWS\System32\win32u.dll
0x00007fff33c80000 - 0x00007fff33f13000 	C:\WINDOWS\WinSxS\amd64_microsoft.windows.common-controls_6595b64144ccf1df_6.0.22621.3672_none_2713b9d173822955\COMCTL32.dll
0x00007fff47a40000 - 0x00007fff47a69000 	C:\WINDOWS\System32\GDI32.dll
0x00007fff47be0000 - 0x00007fff47c87000 	C:\WINDOWS\System32\msvcrt.dll
0x00007fff45550000 - 0x00007fff45669000 	C:\WINDOWS\System32\gdi32full.dll
0x00007fff456a0000 - 0x00007fff4573a000 	C:\WINDOWS\System32\msvcp_win.dll
0x00007fff47980000 - 0x00007fff479b1000 	C:\WINDOWS\System32\IMM32.DLL
0x00007fff41090000 - 0x00007fff4109c000 	D:\GoLand 2022.3.4\jbr\bin\vcruntime140_1.dll
0x00007ffef7b50000 - 0x00007ffef7bdd000 	D:\GoLand 2022.3.4\jbr\bin\msvcp140.dll
0x00007ffe8de80000 - 0x00007ffe8eaed000 	D:\GoLand 2022.3.4\jbr\bin\server\jvm.dll
0x00007fff47440000 - 0x00007fff474f2000 	C:\WINDOWS\System32\ADVAPI32.dll
0x00007fff47070000 - 0x00007fff4711a000 	C:\WINDOWS\System32\sechost.dll
0x00007fff454a0000 - 0x00007fff454c8000 	C:\WINDOWS\System32\bcrypt.dll
0x00007fff45e20000 - 0x00007fff45f35000 	C:\WINDOWS\System32\RPCRT4.dll
0x00007fff39ba0000 - 0x00007fff39baa000 	C:\WINDOWS\SYSTEM32\VERSION.dll
0x00007fff1a360000 - 0x00007fff1a369000 	C:\WINDOWS\SYSTEM32\WSOCK32.dll
0x00007fff41e90000 - 0x00007fff41ec4000 	C:\WINDOWS\SYSTEM32\WINMM.dll
0x00007fff47c90000 - 0x00007fff47d01000 	C:\WINDOWS\System32\WS2_32.dll
0x00007fff44080000 - 0x00007fff44098000 	C:\WINDOWS\SYSTEM32\kernel.appcore.dll
0x00007fff08800000 - 0x00007fff0880a000 	D:\GoLand 2022.3.4\jbr\bin\jimage.dll
0x00007fff42880000 - 0x00007fff42ab2000 	C:\WINDOWS\SYSTEM32\DBGHELP.DLL
0x00007fff45a90000 - 0x00007fff45e18000 	C:\WINDOWS\System32\combase.dll
0x00007fff46de0000 - 0x00007fff46eb7000 	C:\WINDOWS\System32\OLEAUT32.dll
0x00007fff22130000 - 0x00007fff22162000 	C:\WINDOWS\SYSTEM32\dbgcore.DLL
0x00007fff454d0000 - 0x00007fff4554b000 	C:\WINDOWS\System32\bcryptPrimitives.dll
0x00007fff08470000 - 0x00007fff08495000 	D:\GoLand 2022.3.4\jbr\bin\java.dll

dbghelp: loaded successfully - version: 4.0.5 - missing functions: none
symbol engine: initialized successfully - sym options: 0x614 - pdb path: .;D:\GoLand 2022.3.4\jbr\bin;C:\WINDOWS\SYSTEM32;C:\WINDOWS\WinSxS\amd64_microsoft.windows.common-controls_6595b64144ccf1df_6.0.22621.3672_none_2713b9d173822955;D:\GoLand 2022.3.4\jbr\bin\server

VM Arguments:
java_command: git4idea.http.GitAskPassApp Username for 'https://github.com': 
java_class_path (initial): D:/GoLand 2022.3.4/plugins/vcs-git/lib/git4idea-rt.jar;D:/GoLand 2022.3.4/lib/externalProcess-rt.jar;D:/GoLand 2022.3.4/lib/app.jar;D:/GoLand 2022.3.4/lib/3rd-party-rt.jar
Launcher Type: SUN_STANDARD

[Global flags]
     intx CICompilerCount                          = 4                                         {product} {ergonomic}
     uint ConcGCThreads                            = 2                                         {product} {ergonomic}
     uint G1ConcRefinementThreads                  = 8                                         {product} {ergonomic}
   size_t G1HeapRegionSize                         = 1048576                                   {product} {ergonomic}
    uintx GCDrainStackTargetSize                   = 64                                        {product} {ergonomic}
   size_t InitialHeapSize                          = 117440512                                 {product} {ergonomic}
   size_t MarkStackSize                            = 4194304                                   {product} {ergonomic}
   size_t MaxHeapSize                              = 1862270976                                {product} {ergonomic}
   size_t MinHeapDeltaBytes                        = 1048576                                   {product} {ergonomic}
   size_t MinHeapSize                              = 8388608                                   {product} {ergonomic}
    uintx NonNMethodCodeHeapSize                   = 5839372                                {pd product} {ergonomic}
    uintx NonProfiledCodeHeapSize                  = 122909434                              {pd product} {ergonomic}
    uintx ProfiledCodeHeapSize                     = 122909434                              {pd product} {ergonomic}
    uintx ReservedCodeCacheSize                    = 251658240                              {pd product} {ergonomic}
     bool SegmentedCodeCache                       = true                                      {product} {ergonomic}
   size_t SoftMaxHeapSize                          = 1862270976                             {manageable} {ergonomic}
     bool UseCompressedClassPointers               = true                           {product lp64_product} {ergonomic}
     bool UseCompressedOops                        = true                           {product lp64_product} {ergonomic}
     bool UseG1GC                                  = true                                      {product} {ergonomic}
     bool UseLargePagesIndividualAllocation        = false                                  {pd product} {ergonomic}

Logging:
Log output configuration:
 #0: stdout all=warning uptime,level,tags
 #1: stderr all=off uptime,level,tags

Environment Variables:
PATH=C:/Program Files/Git/mingw64/libexec/git-core;C:/Program Files/Git/mingw64/libexec/git-core;C:\Program Files\Git\mingw64\bin;C:\Program Files\Git\usr\bin;C:\Users\eg898\bin;C:\Program Files (x86)\Common Files\Oracle\Java\javapath;C:\Program Files (x86)\NVIDIA Corporation\PhysX\Common;C:\WINDOWS\system32;C:\WINDOWS;C:\WINDOWS\System32\Wbem;C:\WINDOWS\System32\WindowsPowerShell\v1.0\;C:\WINDOWS\System32\OpenSSH\;C:\adb;C:\Program Files\Microsoft SQL Server\Client SDK\ODBC\170\Tools\Binn\;C:\Program Files (x86)\Microsoft SQL Server\150\Tools\Binn\;C:\Program Files\Microsoft SQL Server\150\Tools\Binn\;C:\Program Files\Microsoft SQL Server\150\DTS\Binn\;C:\Program Files\dotnet\;C:\Program Files (x86)\dotnet\;C:\php;D:\Program Files\bin;C:\Go\bin;D:\Program Files\Go\bin;C:\Program Files\Git\cmd;C:\Program Files\Docker\Docker\resources\bin;C:\Program Files\Amazon\AWSCLIV2\;C:\Users\eg898\AppData\Local\Programs\Python\Python39\Scripts\;C:\Users\eg898\AppData\Local\Programs\Python\Python39\;C:\Users\eg898\AppData\Local\Microsoft\WindowsApps;C:\Program Files\Azure Data Studio\bin;C:\Users\eg898\.dotnet\tools;C:\Users\eg898\AppData\Local\Programs\Microsoft VS Code\bin;C:\ProgramData\eg898\atom\bin;C:\Users\eg898\AppData\Local\Microsoft\WindowsApps;D:\Program Files\bin;C:\Users\eg898\go\bin;C:\Users\eg898\AppData\Local\GitHubDesktop\bin
USERNAME=eg898
DISPLAY=:0.0
LC_ALL=en_US.UTF-8
TERM=xterm-256color
TMPDIR=C:\Users\eg898\AppData\Local\Temp
OS=Windows_NT
PROCESSOR_IDENTIFIER=AMD64 Family 23 Model 24 Stepping 1, AuthenticAMD
TMP=C:\Users\eg898\AppData\Local\Temp
TEMP=C:\Users\eg898\AppData\Local\Temp



---------------  S Y S T E M  ---------------

OS:
 Windows 11 , 64 bit Build 22621 (10.0.22621.3672)
OS uptime: 3 days 16:08 hours
Hyper-V role detected

CPU: total 8 (initial active 8) (8 cores per cpu, 2 threads per core) family 23 model 24 stepping 1 microcode 0x0, cx8, cmov, fxsr, ht, mmx, 3dnowpref, sse, sse2, sse3, ssse3, sse4a, sse4.1, sse4.2, popcnt, lzcnt, tsc, tscinvbit, avx, avx2, aes, clmul, bmi1, bmi2, adx, sha, fma, vzeroupper, clflush, clflushopt, hv

Memory: 4k page, system-wide physical 7103M (778M free)
TotalPageFile size 15295M (AvailPageFile size 19M)
current process WorkingSet (physical memory assigned to process): 11M, peak: 11M
current process commit charge ("private bytes"): 60M, peak: 172M

vm_info: OpenJDK 64-Bit Server VM (17.0.6+1-b653.34) for windows-amd64 JRE (17.0.6+1-b653.34), built on 2023-02-24 by "builduser" with MS VC++ 16.10 / 16.11 (VS2019)

END.
